Java HotSpot(TM) 64-Bit Server VM warning: ignoring option MaxPermSize=350m; support was removed in 8.0
log4j:WARN No appenders could be found for logger (io.netty.util.internal.logging.InternalLoggerFactory).
log4j:WARN Please initialize the log4j system properly.
log4j:WARN See http://logging.apache.org/log4j/1.2/faq.html#noconfig for more info.
[   2609]   WARN - api.vfs.impl.local.FileWatcher - Native file watcher is not executable: <a href="/home/oyt/mysoftware/PhpStorm-143.1184.87/bin/fsnotifier64">/home/oyt/mysoftware/PhpStorm-143.1184.87/bin/fsnotifier64</a> 
[   9470]   WARN - om.intellij.util.ProfilingUtil - Profiling agent is not enabled. Add -agentlib:yjpagent to idea.vmoptions if necessary to profile IDEA. 
[84489229]  ERROR - llij.ide.plugins.PluginManager - sun.awt.image.BufImgSurfaceData cannot be cast to sun.java2d.xr.XRSurfaceData 
java.lang.ClassCastException: sun.awt.image.BufImgSurfaceData cannot be cast to sun.java2d.xr.XRSurfaceData
	at sun.java2d.xr.XRPMBlitLoops.cacheToTmpSurface(XRPMBlitLoops.java:145)
	at sun.java2d.xr.XrSwToPMBlit.Blit(XRPMBlitLoops.java:353)
	at sun.java2d.SurfaceDataProxy.updateSurfaceData(SurfaceDataProxy.java:498)
	at sun.java2d.SurfaceDataProxy.replaceData(SurfaceDataProxy.java:455)
	at sun.java2d.SurfaceData.getSourceSurfaceData(SurfaceData.java:233)
	at sun.java2d.pipe.DrawImage.renderImageCopy(DrawImage.java:566)
	at sun.java2d.pipe.DrawImage.copyImage(DrawImage.java:67)
	at sun.java2d.pipe.DrawImage.transformImage(DrawImage.java:1111)
	at sun.java2d.SunGraphics2D.drawImage(SunGraphics2D.java:3487)
	at com.intellij.util.ui.UIUtil.drawImage(UIUtil.java:1750)
	at com.intellij.openapi.editor.impl.EditorMarkupModelImpl$MyErrorPanel.doPaintTrack(EditorMarkupModelImpl.java:708)
	at com.intellij.openapi.editor.impl.EditorMarkupModelImpl$MyErrorPanel.paintTrack(EditorMarkupModelImpl.java:665)
	at javax.swing.plaf.basic.BasicScrollBarUI.paint(BasicScrollBarUI.java:430)
	at javax.swing.plaf.ComponentUI.update(ComponentUI.java:161)
	at javax.swing.JComponent.paintComponent(JComponent.java:780)
	at javax.swing.JComponent.paint(JComponent.java:1056)
	at javax.swing.JComponent.paintChildren(JComponent.java:889)
	at javax.swing.JComponent.paint(JComponent.java:1065)
	at javax.swing.JComponent.paintChildren(JComponent.java:889)
	at javax.swing.JComponent.paint(JComponent.java:1065)
	at javax.swing.JLayeredPane.paint(JLayeredPane.java:586)
	at javax.swing.JComponent.paintChildren(JComponent.java:889)
	at javax.swing.JComponent.paint(JComponent.java:1065)
	at javax.swing.JComponent.paintChildren(JComponent.java:889)
	at javax.swing.JComponent.paint(JComponent.java:1065)
	at javax.swing.JComponent.paintChildren(JComponent.java:889)
	at javax.swing.JComponent.paint(JComponent.java:1065)
	at javax.swing.JLayeredPane.paint(JLayeredPane.java:586)
	at javax.swing.JComponent.paintChildren(JComponent.java:889)
	at javax.swing.JComponent.paint(JComponent.java:1065)
	at javax.swing.JComponent.paintChildren(JComponent.java:889)
	at javax.swing.JComponent.paint(JComponent.java:1065)
	at javax.swing.JComponent.paintChildren(JComponent.java:889)
	at javax.swing.JComponent.paint(JComponent.java:1065)
	at javax.swing.JComponent.paintChildren(JComponent.java:889)
	at javax.swing.JComponent.paint(JComponent.java:1065)
	at javax.swing.JComponent.paintChildren(JComponent.java:889)
	at com.intellij.ui.tabs.impl.JBTabsImpl.paintChildren(JBTabsImpl.java:2345)
	at javax.swing.JComponent.paint(JComponent.java:1065)
	at com.intellij.ui.tabs.impl.JBTabsImpl.paint(JBTabsImpl.java:2340)
	at javax.swing.JComponent.paintChildren(JComponent.java:889)
	at javax.swing.JComponent.paint(JComponent.java:1065)
	at javax.swing.JComponent.paintChildren(JComponent.java:889)
	at javax.swing.JComponent.paint(JComponent.java:1065)
	at javax.swing.JComponent.paintChildren(JComponent.java:889)
	at javax.swing.JComponent.paint(JComponent.java:1065)
	at javax.swing.JComponent.paintChildren(JComponent.java:889)
	at javax.swing.JComponent.paint(JComponent.java:1065)
	at javax.swing.JComponent.paintChildren(JComponent.java:889)
	at javax.swing.JComponent.paint(JComponent.java:1065)
	at javax.swing.JComponent.paintChildren(JComponent.java:889)
	at javax.swing.JComponent.paint(JComponent.java:1065)
	at javax.swing.JLayeredPane.paint(JLayeredPane.java:586)
	at javax.swing.JComponent.paintChildren(JComponent.java:889)
	at com.intellij.openapi.wm.impl.ToolWindowsPane.paintChildren(ToolWindowsPane.java:192)
	at javax.swing.JComponent.paint(JComponent.java:1065)
	at javax.swing.JLayeredPane.paint(JLayeredPane.java:586)
	at javax.swing.JComponent.paintChildren(JComponent.java:889)
	at javax.swing.JComponent.paint(JComponent.java:1065)
	at javax.swing.JComponent.paintChildren(JComponent.java:889)
	at javax.swing.JComponent.paint(JComponent.java:1065)
	at javax.swing.JLayeredPane.paint(JLayeredPane.java:586)
	at javax.swing.JComponent.paintChildren(JComponent.java:889)
	at javax.swing.JComponent.paintToOffscreen(JComponent.java:5217)
	at javax.swing.RepaintManager$PaintManager.paintDoubleBuffered(RepaintManager.java:1579)
	at javax.swing.RepaintManager$PaintManager.paint(RepaintManager.java:1502)
	at javax.swing.RepaintManager.paint(RepaintManager.java:1272)
	at javax.swing.JComponent.paint(JComponent.java:1042)
	at java.awt.GraphicsCallback$PaintCallback.run(GraphicsCallback.java:39)
	at sun.awt.SunGraphicsCallback.runOneComponent(SunGraphicsCallback.java:79)
	at sun.awt.SunGraphicsCallback.runComponents(SunGraphicsCallback.java:116)
	at java.awt.Container.paint(Container.java:1975)
	at java.awt.Window.paint(Window.java:3912)
	at com.intellij.openapi.wm.impl.IdeFrameImpl.paint(IdeFrameImpl.java:533)
	at javax.swing.RepaintManager$4.run(RepaintManager.java:842)
	at javax.swing.RepaintManager$4.run(RepaintManager.java:814)
	at java.security.AccessController.doPrivileged(Native Method)
	at java.security.ProtectionDomain$JavaSecurityAccessImpl.doIntersectionPrivilege(ProtectionDomain.java:76)
	at javax.swing.RepaintManager.paintDirtyRegions(RepaintManager.java:814)
	at javax.swing.RepaintManager.paintDirtyRegions(RepaintManager.java:789)
	at javax.swing.RepaintManager.prePaintDirtyRegions(RepaintManager.java:738)
	at javax.swing.RepaintManager.access$1200(RepaintManager.java:64)
	at javax.swing.RepaintManager$ProcessingRunnable.run(RepaintManager.java:1732)
	at java.awt.event.InvocationEvent.dispatch(InvocationEvent.java:311)
	at java.awt.EventQueue.dispatchEventImpl(EventQueue.java:756)
	at java.awt.EventQueue.access$500(EventQueue.java:97)
	at java.awt.EventQueue$3.run(EventQueue.java:709)
	at java.awt.EventQueue$3.run(EventQueue.java:703)
	at java.security.AccessController.doPrivileged(Native Method)
	at java.security.ProtectionDomain$JavaSecurityAccessImpl.doIntersectionPrivilege(ProtectionDomain.java:76)
	at java.awt.EventQueue.dispatchEvent(EventQueue.java:726)
	at com.intellij.ide.IdeEventQueue.b(IdeEventQueue.java:866)
	at com.intellij.ide.IdeEventQueue._dispatchEvent(IdeEventQueue.java:654)
	at com.intellij.ide.IdeEventQueue.dispatchEvent(IdeEventQueue.java:381)
	at java.awt.EventDispatchThread.pumpOneEventForFilters(EventDispatchThread.java:201)
	at java.awt.EventDispatchThread.pumpEventsForFilter(EventDispatchThread.java:116)
	at java.awt.EventDispatchThread.pumpEventsForHierarchy(EventDispatchThread.java:105)
	at java.awt.EventDispatchThread.pumpEvents(EventDispatchThread.java:101)
	at java.awt.EventDispatchThread.pumpEvents(EventDispatchThread.java:93)
	at java.awt.EventDispatchThread.run(EventDispatchThread.java:82)
[84489233]  ERROR - llij.ide.plugins.PluginManager - PhpStorm 10.0.2  Build #PS-143.1184.87 
[84489256]  ERROR - llij.ide.plugins.PluginManager - JDK: 1.8.0_77 
[84489256]  ERROR - llij.ide.plugins.PluginManager - VM: Java HotSpot(TM) 64-Bit Server VM 
[84489256]  ERROR - llij.ide.plugins.PluginManager - Vendor: Oracle Corporation 
[84489256]  ERROR - llij.ide.plugins.PluginManager - OS: Linux 
[84489256]  ERROR - llij.ide.plugins.PluginManager - Last Action: $Delete 
[84489573]  ERROR - llij.ide.plugins.PluginManager - sun.awt.image.BufImgSurfaceData cannot be cast to sun.java2d.xr.XRSurfaceData 
java.lang.ClassCastException: sun.awt.image.BufImgSurfaceData cannot be cast to sun.java2d.xr.XRSurfaceData
	at sun.java2d.xr.XRPMBlitLoops.cacheToTmpSurface(XRPMBlitLoops.java:145)
	at sun.java2d.xr.XrSwToPMBlit.Blit(XRPMBlitLoops.java:353)
	at sun.java2d.pipe.DrawImage.blitSurfaceData(DrawImage.java:959)
	at sun.java2d.pipe.DrawImage.renderImageCopy(DrawImage.java:577)
	at sun.java2d.pipe.DrawImage.copyImage(DrawImage.java:67)
	at sun.java2d.pipe.DrawImage.transformImage(DrawImage.java:1111)
	at sun.java2d.SunGraphics2D.drawImage(SunGraphics2D.java:3487)
	at com.intellij.util.ui.UIUtil.drawImage(UIUtil.java:1750)
	at com.intellij.openapi.editor.impl.EditorMarkupModelImpl$MyErrorPanel.doPaintTrack(EditorMarkupModelImpl.java:708)
	at com.intellij.openapi.editor.impl.EditorMarkupModelImpl$MyErrorPanel.paintTrack(EditorMarkupModelImpl.java:665)
	at javax.swing.plaf.basic.BasicScrollBarUI.paint(BasicScrollBarUI.java:430)
	at javax.swing.plaf.ComponentUI.update(ComponentUI.java:161)
	at javax.swing.JComponent.paintComponent(JComponent.java:780)
	at javax.swing.JComponent.paint(JComponent.java:1056)
	at javax.swing.JComponent.paintChildren(JComponent.java:889)
	at javax.swing.JComponent.paint(JComponent.java:1065)
	at javax.swing.JComponent.paintChildren(JComponent.java:889)
	at javax.swing.JComponent.paint(JComponent.java:1065)
	at javax.swing.JLayeredPane.paint(JLayeredPane.java:586)
	at javax.swing.JComponent.paintChildren(JComponent.java:889)
	at javax.swing.JComponent.paint(JComponent.java:1065)
	at javax.swing.JComponent.paintChildren(JComponent.java:889)
	at javax.swing.JComponent.paint(JComponent.java:1065)
	at javax.swing.JComponent.paintChildren(JComponent.java:889)
	at javax.swing.JComponent.paint(JComponent.java:1065)
	at javax.swing.JLayeredPane.paint(JLayeredPane.java:586)
	at javax.swing.JComponent.paintChildren(JComponent.java:889)
	at javax.swing.JComponent.paint(JComponent.java:1065)
	at javax.swing.JComponent.paintChildren(JComponent.java:889)
	at javax.swing.JComponent.paint(JComponent.java:1065)
	at javax.swing.JComponent.paintChildren(JComponent.java:889)
	at javax.swing.JComponent.paint(JComponent.java:1065)
	at javax.swing.JComponent.paintChildren(JComponent.java:889)
	at javax.swing.JComponent.paint(JComponent.java:1065)
	at javax.swing.JComponent.paintChildren(JComponent.java:889)
	at com.intellij.ui.tabs.impl.JBTabsImpl.paintChildren(JBTabsImpl.java:2345)
	at javax.swing.JComponent.paint(JComponent.java:1065)
	at com.intellij.ui.tabs.impl.JBTabsImpl.paint(JBTabsImpl.java:2340)
	at javax.swing.JComponent.paintChildren(JComponent.java:889)
	at javax.swing.JComponent.paint(JComponent.java:1065)
	at javax.swing.JComponent.paintChildren(JComponent.java:889)
	at javax.swing.JComponent.paint(JComponent.java:1065)
	at javax.swing.JComponent.paintChildren(JComponent.java:889)
	at javax.swing.JComponent.paint(JComponent.java:1065)
	at javax.swing.JComponent.paintChildren(JComponent.java:889)
	at javax.swing.JComponent.paint(JComponent.java:1065)
	at javax.swing.JComponent.paintChildren(JComponent.java:889)
	at javax.swing.JComponent.paint(JComponent.java:1065)
	at javax.swing.JComponent.paintChildren(JComponent.java:889)
	at javax.swing.JComponent.paint(JComponent.java:1065)
	at javax.swing.JLayeredPane.paint(JLayeredPane.java:586)
	at javax.swing.JComponent.paintChildren(JComponent.java:889)
	at com.intellij.openapi.wm.impl.ToolWindowsPane.paintChildren(ToolWindowsPane.java:192)
	at javax.swing.JComponent.paint(JComponent.java:1065)
	at javax.swing.JLayeredPane.paint(JLayeredPane.java:586)
	at javax.swing.JComponent.paintChildren(JComponent.java:889)
	at javax.swing.JComponent.paint(JComponent.java:1065)
	at javax.swing.JComponent.paintChildren(JComponent.java:889)
	at javax.swing.JComponent.paint(JComponent.java:1065)
	at javax.swing.JLayeredPane.paint(JLayeredPane.java:586)
	at javax.swing.JComponent.paintChildren(JComponent.java:889)
	at javax.swing.JComponent.paintToOffscreen(JComponent.java:5217)
	at javax.swing.RepaintManager$PaintManager.paintDoubleBuffered(RepaintManager.java:1579)
	at javax.swing.RepaintManager$PaintManager.paint(RepaintManager.java:1502)
	at javax.swing.RepaintManager.paint(RepaintManager.java:1272)
	at javax.swing.JComponent.paint(JComponent.java:1042)
	at java.awt.GraphicsCallback$PaintCallback.run(GraphicsCallback.java:39)
	at sun.awt.SunGraphicsCallback.runOneComponent(SunGraphicsCallback.java:79)
	at sun.awt.SunGraphicsCallback.runComponents(SunGraphicsCallback.java:116)
	at java.awt.Container.paint(Container.java:1975)
	at java.awt.Window.paint(Window.java:3912)
	at com.intellij.openapi.wm.impl.IdeFrameImpl.paint(IdeFrameImpl.java:533)
	at javax.swing.RepaintManager$4.run(RepaintManager.java:842)
	at javax.swing.RepaintManager$4.run(RepaintManager.java:814)
	at java.security.AccessController.doPrivileged(Native Method)
	at java.security.ProtectionDomain$JavaSecurityAccessImpl.doIntersectionPrivilege(ProtectionDomain.java:76)
	at javax.swing.RepaintManager.paintDirtyRegions(RepaintManager.java:814)
	at javax.swing.RepaintManager.paintDirtyRegions(RepaintManager.java:789)
	at javax.swing.RepaintManager.prePaintDirtyRegions(RepaintManager.java:738)
	at javax.swing.RepaintManager.access$1200(RepaintManager.java:64)
	at javax.swing.RepaintManager$ProcessingRunnable.run(RepaintManager.java:1732)
	at java.awt.event.InvocationEvent.dispatch(InvocationEvent.java:311)
	at java.awt.EventQueue.dispatchEventImpl(EventQueue.java:756)
	at java.awt.EventQueue.access$500(EventQueue.java:97)
	at java.awt.EventQueue$3.run(EventQueue.java:709)
	at java.awt.EventQueue$3.run(EventQueue.java:703)
	at java.security.AccessController.doPrivileged(Native Method)
	at java.security.ProtectionDomain$JavaSecurityAccessImpl.doIntersectionPrivilege(ProtectionDomain.java:76)
	at java.awt.EventQueue.dispatchEvent(EventQueue.java:726)
	at com.intellij.ide.IdeEventQueue.b(IdeEventQueue.java:866)
	at com.intellij.ide.IdeEventQueue._dispatchEvent(IdeEventQueue.java:654)
	at com.intellij.ide.IdeEventQueue.dispatchEvent(IdeEventQueue.java:381)
	at java.awt.EventDispatchThread.pumpOneEventForFilters(EventDispatchThread.java:201)
	at java.awt.EventDispatchThread.pumpEventsForFilter(EventDispatchThread.java:116)
	at java.awt.EventDispatchThread.pumpEventsForHierarchy(EventDispatchThread.java:105)
	at java.awt.EventDispatchThread.pumpEvents(EventDispatchThread.java:101)
	at java.awt.EventDispatchThread.pumpEvents(EventDispatchThread.java:93)
	at java.awt.EventDispatchThread.run(EventDispatchThread.java:82)
[84489574]  ERROR - llij.ide.plugins.PluginManager - PhpStorm 10.0.2  Build #PS-143.1184.87 
[84489574]  ERROR - llij.ide.plugins.PluginManager - JDK: 1.8.0_77 
[84489574]  ERROR - llij.ide.plugins.PluginManager - VM: Java HotSpot(TM) 64-Bit Server VM 
[84489574]  ERROR - llij.ide.plugins.PluginManager - Vendor: Oracle Corporation 
[84489574]  ERROR - llij.ide.plugins.PluginManager - OS: Linux 
[84489574]  ERROR - llij.ide.plugins.PluginManager - Last Action: $Delete 
[84489668]  ERROR - llij.ide.plugins.PluginManager - sun.awt.image.BufImgSurfaceData cannot be cast to sun.java2d.xr.XRSurfaceData 
java.lang.ClassCastException: sun.awt.image.BufImgSurfaceData cannot be cast to sun.java2d.xr.XRSurfaceData
	at sun.java2d.xr.XRPMBlitLoops.cacheToTmpSurface(XRPMBlitLoops.java:145)
	at sun.java2d.xr.XrSwToPMBlit.Blit(XRPMBlitLoops.java:353)
	at sun.java2d.pipe.DrawImage.blitSurfaceData(DrawImage.java:959)
	at sun.java2d.pipe.DrawImage.renderImageCopy(DrawImage.java:577)
	at sun.java2d.pipe.DrawImage.copyImage(DrawImage.java:67)
	at sun.java2d.pipe.DrawImage.transformImage(DrawImage.java:1111)
	at sun.java2d.pipe.ValidatePipe.transformImage(ValidatePipe.java:238)
	at sun.java2d.SunGraphics2D.drawImage(SunGraphics2D.java:3487)
	at com.intellij.util.ui.UIUtil.drawImage(UIUtil.java:1750)
	at com.intellij.openapi.editor.impl.EditorMarkupModelImpl$MyErrorPanel.doPaintTrack(EditorMarkupModelImpl.java:708)
	at com.intellij.openapi.editor.impl.EditorMarkupModelImpl$MyErrorPanel.paintTrack(EditorMarkupModelImpl.java:665)
	at javax.swing.plaf.basic.BasicScrollBarUI.paint(BasicScrollBarUI.java:430)
	at javax.swing.plaf.ComponentUI.update(ComponentUI.java:161)
	at javax.swing.JComponent.paintComponent(JComponent.java:780)
	at javax.swing.JComponent.paint(JComponent.java:1056)
	at javax.swing.JComponent.paintChildren(JComponent.java:889)
	at javax.swing.JComponent.paint(JComponent.java:1065)
	at javax.swing.JComponent.paintToOffscreen(JComponent.java:5210)
	at javax.swing.RepaintManager$PaintManager.paintDoubleBuffered(RepaintManager.java:1579)
	at javax.swing.RepaintManager$PaintManager.paint(RepaintManager.java:1502)
	at javax.swing.RepaintManager.paint(RepaintManager.java:1272)
	at javax.swing.JComponent._paintImmediately(JComponent.java:5158)
	at javax.swing.JComponent.paintImmediately(JComponent.java:4969)
	at javax.swing.RepaintManager$4.run(RepaintManager.java:831)
	at javax.swing.RepaintManager$4.run(RepaintManager.java:814)
	at java.security.AccessController.doPrivileged(Native Method)
	at java.security.ProtectionDomain$JavaSecurityAccessImpl.doIntersectionPrivilege(ProtectionDomain.java:76)
	at javax.swing.RepaintManager.paintDirtyRegions(RepaintManager.java:814)
	at javax.swing.RepaintManager.paintDirtyRegions(RepaintManager.java:789)
	at javax.swing.RepaintManager.prePaintDirtyRegions(RepaintManager.java:738)
	at javax.swing.RepaintManager.access$1200(RepaintManager.java:64)
	at javax.swing.RepaintManager$ProcessingRunnable.run(RepaintManager.java:1732)
	at java.awt.event.InvocationEvent.dispatch(InvocationEvent.java:311)
	at java.awt.EventQueue.dispatchEventImpl(EventQueue.java:756)
	at java.awt.EventQueue.access$500(EventQueue.java:97)
	at java.awt.EventQueue$3.run(EventQueue.java:709)
	at java.awt.EventQueue$3.run(EventQueue.java:703)
	at java.security.AccessController.doPrivileged(Native Method)
	at java.security.ProtectionDomain$JavaSecurityAccessImpl.doIntersectionPrivilege(ProtectionDomain.java:76)
	at java.awt.EventQueue.dispatchEvent(EventQueue.java:726)
	at com.intellij.ide.IdeEventQueue.b(IdeEventQueue.java:866)
	at com.intellij.ide.IdeEventQueue._dispatchEvent(IdeEventQueue.java:654)
	at com.intellij.ide.IdeEventQueue.dispatchEvent(IdeEventQueue.java:381)
	at java.awt.EventDispatchThread.pumpOneEventForFilters(EventDispatchThread.java:201)
	at java.awt.EventDispatchThread.pumpEventsForFilter(EventDispatchThread.java:116)
	at java.awt.EventDispatchThread.pumpEventsForHierarchy(EventDispatchThread.java:105)
	at java.awt.EventDispatchThread.pumpEvents(EventDispatchThread.java:101)
	at java.awt.EventDispatchThread.pumpEvents(EventDispatchThread.java:93)
	at java.awt.EventDispatchThread.run(EventDispatchThread.java:82)
[84489668]  ERROR - llij.ide.plugins.PluginManager - PhpStorm 10.0.2  Build #PS-143.1184.87 
[84489668]  ERROR - llij.ide.plugins.PluginManager - JDK: 1.8.0_77 
[84489669]  ERROR - llij.ide.plugins.PluginManager - VM: Java HotSpot(TM) 64-Bit Server VM 
[84489669]  ERROR - llij.ide.plugins.PluginManager - Vendor: Oracle Corporation 
[84489669]  ERROR - llij.ide.plugins.PluginManager - OS: Linux 
[84489669]  ERROR - llij.ide.plugins.PluginManager - Last Action: $Delete 
[108503331]  ERROR - llij.ide.plugins.PluginManager - null 
java.util.ConcurrentModificationException
	at java.util.LinkedHashMap$LinkedHashIterator.nextNode(LinkedHashMap.java:711)
	at java.util.LinkedHashMap$LinkedKeyIterator.next(LinkedHashMap.java:734)
	at com.intellij.ide.IdeEventQueue._dispatchEvent(IdeEventQueue.java:607)
	at com.intellij.ide.IdeEventQueue.dispatchEvent(IdeEventQueue.java:381)
	at java.awt.EventDispatchThread.pumpOneEventForFilters(EventDispatchThread.java:201)
	at java.awt.EventDispatchThread.pumpEventsForFilter(EventDispatchThread.java:116)
	at java.awt.EventDispatchThread.pumpEventsForHierarchy(EventDispatchThread.java:105)
	at java.awt.EventDispatchThread.pumpEvents(EventDispatchThread.java:101)
	at java.awt.EventDispatchThread.pumpEvents(EventDispatchThread.java:93)
	at java.awt.EventDispatchThread.run(EventDispatchThread.java:82)
[108503336]  ERROR - llij.ide.plugins.PluginManager - PhpStorm 10.0.2  Build #PS-143.1184.87 
[108503336]  ERROR - llij.ide.plugins.PluginManager - JDK: 1.8.0_77 
[108503336]  ERROR - llij.ide.plugins.PluginManager - VM: Java HotSpot(TM) 64-Bit Server VM 
[108503336]  ERROR - llij.ide.plugins.PluginManager - Vendor: Oracle Corporation 
[108503336]  ERROR - llij.ide.plugins.PluginManager - OS: Linux 
[108503336]  ERROR - llij.ide.plugins.PluginManager - Last Action: $Paste 
[118051744]  ERROR - llij.ide.plugins.PluginManager - sun.awt.image.BufImgSurfaceData cannot be cast to sun.java2d.xr.XRSurfaceData 
java.lang.ClassCastException: sun.awt.image.BufImgSurfaceData cannot be cast to sun.java2d.xr.XRSurfaceData
	at sun.java2d.xr.XRPMBlitLoops.cacheToTmpSurface(XRPMBlitLoops.java:145)
	at sun.java2d.xr.XrSwToPMBlit.Blit(XRPMBlitLoops.java:353)
	at sun.java2d.pipe.DrawImage.blitSurfaceData(DrawImage.java:959)
	at sun.java2d.pipe.DrawImage.renderImageCopy(DrawImage.java:577)
	at sun.java2d.pipe.DrawImage.copyImage(DrawImage.java:67)
	at sun.java2d.pipe.DrawImage.copyImage(DrawImage.java:1014)
	at sun.java2d.SunGraphics2D.drawImage(SunGraphics2D.java:3318)
	at sun.java2d.SunGraphics2D.drawImage(SunGraphics2D.java:3296)
	at com.intellij.util.ui.UIUtil.drawImage(UIUtil.java:1734)
	at com.intellij.openapi.wm.impl.ToolWindowHeader.paintComponent(ToolWindowHeader.java:378)
	at javax.swing.JComponent.paint(JComponent.java:1056)
	at javax.swing.JComponent.paintChildren(JComponent.java:889)
	at javax.swing.JComponent.paint(JComponent.java:1065)
	at javax.swing.JComponent.paintChildren(JComponent.java:889)
	at javax.swing.JComponent.paint(JComponent.java:1065)
	at javax.swing.JComponent.paintChildren(JComponent.java:889)
	at javax.swing.JComponent.paint(JComponent.java:1065)
	at javax.swing.JComponent.paintChildren(JComponent.java:889)
	at javax.swing.JComponent.paint(JComponent.java:1065)
	at javax.swing.JComponent.paintChildren(JComponent.java:889)
	at javax.swing.JComponent.paint(JComponent.java:1065)
	at javax.swing.JLayeredPane.paint(JLayeredPane.java:586)
	at javax.swing.JComponent.paintChildren(JComponent.java:889)
	at com.intellij.openapi.wm.impl.ToolWindowsPane.paintChildren(ToolWindowsPane.java:192)
	at javax.swing.JComponent.paint(JComponent.java:1065)
	at javax.swing.JLayeredPane.paint(JLayeredPane.java:586)
	at javax.swing.JComponent.paintChildren(JComponent.java:889)
	at javax.swing.JComponent.paint(JComponent.java:1065)
	at javax.swing.JComponent.paintChildren(JComponent.java:889)
	at javax.swing.JComponent.paint(JComponent.java:1065)
	at javax.swing.JLayeredPane.paint(JLayeredPane.java:586)
	at javax.swing.JComponent.paintChildren(JComponent.java:889)
	at javax.swing.JComponent.paintToOffscreen(JComponent.java:5217)
	at javax.swing.RepaintManager$PaintManager.paintDoubleBuffered(RepaintManager.java:1579)
	at javax.swing.RepaintManager$PaintManager.paint(RepaintManager.java:1502)
	at javax.swing.RepaintManager.paint(RepaintManager.java:1272)
	at javax.swing.JComponent.paint(JComponent.java:1042)
	at java.awt.GraphicsCallback$PaintCallback.run(GraphicsCallback.java:39)
	at sun.awt.SunGraphicsCallback.runOneComponent(SunGraphicsCallback.java:79)
	at sun.awt.SunGraphicsCallback.runComponents(SunGraphicsCallback.java:116)
	at java.awt.Container.paint(Container.java:1975)
	at java.awt.Window.paint(Window.java:3912)
	at com.intellij.openapi.wm.impl.IdeFrameImpl.paint(IdeFrameImpl.java:533)
	at javax.swing.RepaintManager$4.run(RepaintManager.java:842)
	at javax.swing.RepaintManager$4.run(RepaintManager.java:814)
	at java.security.AccessController.doPrivileged(Native Method)
	at java.security.ProtectionDomain$JavaSecurityAccessImpl.doIntersectionPrivilege(ProtectionDomain.java:76)
	at javax.swing.RepaintManager.paintDirtyRegions(RepaintManager.java:814)
	at javax.swing.RepaintManager.paintDirtyRegions(RepaintManager.java:789)
	at javax.swing.RepaintManager.prePaintDirtyRegions(RepaintManager.java:738)
	at javax.swing.RepaintManager.access$1200(RepaintManager.java:64)
	at javax.swing.RepaintManager$ProcessingRunnable.run(RepaintManager.java:1732)
	at java.awt.event.InvocationEvent.dispatch(InvocationEvent.java:311)
	at java.awt.EventQueue.dispatchEventImpl(EventQueue.java:756)
	at java.awt.EventQueue.access$500(EventQueue.java:97)
	at java.awt.EventQueue$3.run(EventQueue.java:709)
	at java.awt.EventQueue$3.run(EventQueue.java:703)
	at java.security.AccessController.doPrivileged(Native Method)
	at java.security.ProtectionDomain$JavaSecurityAccessImpl.doIntersectionPrivilege(ProtectionDomain.java:76)
	at java.awt.EventQueue.dispatchEvent(EventQueue.java:726)
	at com.intellij.ide.IdeEventQueue.b(IdeEventQueue.java:866)
	at com.intellij.ide.IdeEventQueue._dispatchEvent(IdeEventQueue.java:654)
	at com.intellij.ide.IdeEventQueue.dispatchEvent(IdeEventQueue.java:381)
	at java.awt.EventDispatchThread.pumpOneEventForFilters(EventDispatchThread.java:201)
	at java.awt.EventDispatchThread.pumpEventsForFilter(EventDispatchThread.java:116)
	at java.awt.EventDispatchThread.pumpEventsForHierarchy(EventDispatchThread.java:105)
	at java.awt.EventDispatchThread.pumpEvents(EventDispatchThread.java:101)
	at java.awt.EventDispatchThread.pumpEvents(EventDispatchThread.java:93)
	at java.awt.EventDispatchThread.run(EventDispatchThread.java:82)
[118051746]  ERROR - llij.ide.plugins.PluginManager - PhpStorm 10.0.2  Build #PS-143.1184.87 
[118051746]  ERROR - llij.ide.plugins.PluginManager - JDK: 1.8.0_77 
[118051746]  ERROR - llij.ide.plugins.PluginManager - VM: Java HotSpot(TM) 64-Bit Server VM 
[118051746]  ERROR - llij.ide.plugins.PluginManager - Vendor: Oracle Corporation 
[118051746]  ERROR - llij.ide.plugins.PluginManager - OS: Linux 
[118051746]  ERROR - llij.ide.plugins.PluginManager - Last Action: SaveAll 
[118051755]  ERROR - llij.ide.plugins.PluginManager - sun.awt.image.BufImgSurfaceData cannot be cast to sun.java2d.xr.XRSurfaceData 
java.lang.ClassCastException: sun.awt.image.BufImgSurfaceData cannot be cast to sun.java2d.xr.XRSurfaceData
	at sun.java2d.xr.XRPMBlitLoops.cacheToTmpSurface(XRPMBlitLoops.java:145)
	at sun.java2d.xr.XrSwToPMBlit.Blit(XRPMBlitLoops.java:353)
	at sun.java2d.SurfaceDataProxy.updateSurfaceData(SurfaceDataProxy.java:498)
	at sun.java2d.SurfaceDataProxy.replaceData(SurfaceDataProxy.java:455)
	at sun.java2d.SurfaceData.getSourceSurfaceData(SurfaceData.java:233)
	at sun.java2d.pipe.DrawImage.renderImageCopy(DrawImage.java:566)
	at sun.java2d.pipe.DrawImage.copyImage(DrawImage.java:67)
	at sun.java2d.pipe.DrawImage.copyImage(DrawImage.java:1014)
	at sun.java2d.SunGraphics2D.drawImage(SunGraphics2D.java:3318)
	at sun.java2d.SunGraphics2D.drawImage(SunGraphics2D.java:3296)
	at com.intellij.util.ui.UIUtil.drawImage(UIUtil.java:1734)
	at com.intellij.openapi.wm.impl.ToolWindowHeader.paintComponent(ToolWindowHeader.java:378)
	at javax.swing.JComponent.paint(JComponent.java:1056)
	at javax.swing.JComponent.paintChildren(JComponent.java:889)
	at javax.swing.JComponent.paint(JComponent.java:1065)
	at javax.swing.JComponent.paintChildren(JComponent.java:889)
	at javax.swing.JComponent.paint(JComponent.java:1065)
	at javax.swing.JComponent.paintChildren(JComponent.java:889)
	at javax.swing.JComponent.paint(JComponent.java:1065)
	at javax.swing.JComponent.paintChildren(JComponent.java:889)
	at javax.swing.JComponent.paint(JComponent.java:1065)
	at javax.swing.JComponent.paintChildren(JComponent.java:889)
	at javax.swing.JComponent.paint(JComponent.java:1065)
	at javax.swing.JLayeredPane.paint(JLayeredPane.java:586)
	at javax.swing.JComponent.paintChildren(JComponent.java:889)
	at com.intellij.openapi.wm.impl.ToolWindowsPane.paintChildren(ToolWindowsPane.java:192)
	at javax.swing.JComponent.paint(JComponent.java:1065)
	at javax.swing.JLayeredPane.paint(JLayeredPane.java:586)
	at javax.swing.JComponent.paintChildren(JComponent.java:889)
	at javax.swing.JComponent.paint(JComponent.java:1065)
	at javax.swing.JComponent.paintChildren(JComponent.java:889)
	at javax.swing.JComponent.paint(JComponent.java:1065)
	at javax.swing.JLayeredPane.paint(JLayeredPane.java:586)
	at javax.swing.JComponent.paintChildren(JComponent.java:889)
	at javax.swing.JComponent.paintToOffscreen(JComponent.java:5217)
	at javax.swing.RepaintManager$PaintManager.paintDoubleBuffered(RepaintManager.java:1579)
	at javax.swing.RepaintManager$PaintManager.paint(RepaintManager.java:1502)
	at javax.swing.RepaintManager.paint(RepaintManager.java:1272)
	at javax.swing.JComponent.paint(JComponent.java:1042)
	at java.awt.GraphicsCallback$PaintCallback.run(GraphicsCallback.java:39)
	at sun.awt.SunGraphicsCallback.runOneComponent(SunGraphicsCallback.java:79)
	at sun.awt.SunGraphicsCallback.runComponents(SunGraphicsCallback.java:116)
	at java.awt.Container.paint(Container.java:1975)
	at java.awt.Window.paint(Window.java:3912)
	at com.intellij.openapi.wm.impl.IdeFrameImpl.paint(IdeFrameImpl.java:533)
	at javax.swing.RepaintManager$4.run(RepaintManager.java:842)
	at javax.swing.RepaintManager$4.run(RepaintManager.java:814)
	at java.security.AccessController.doPrivileged(Native Method)
	at java.security.ProtectionDomain$JavaSecurityAccessImpl.doIntersectionPrivilege(ProtectionDomain.java:76)
	at javax.swing.RepaintManager.paintDirtyRegions(RepaintManager.java:814)
	at javax.swing.RepaintManager.paintDirtyRegions(RepaintManager.java:789)
	at javax.swing.RepaintManager.prePaintDirtyRegions(RepaintManager.java:738)
	at javax.swing.RepaintManager.access$1200(RepaintManager.java:64)
	at javax.swing.RepaintManager$ProcessingRunnable.run(RepaintManager.java:1732)
	at java.awt.event.InvocationEvent.dispatch(InvocationEvent.java:311)
	at java.awt.EventQueue.dispatchEventImpl(EventQueue.java:756)
	at java.awt.EventQueue.access$500(EventQueue.java:97)
	at java.awt.EventQueue$3.run(EventQueue.java:709)
	at java.awt.EventQueue$3.run(EventQueue.java:703)
	at java.security.AccessController.doPrivileged(Native Method)
	at java.security.ProtectionDomain$JavaSecurityAccessImpl.doIntersectionPrivilege(ProtectionDomain.java:76)
	at java.awt.EventQueue.dispatchEvent(EventQueue.java:726)
	at com.intellij.ide.IdeEventQueue.b(IdeEventQueue.java:866)
	at com.intellij.ide.IdeEventQueue._dispatchEvent(IdeEventQueue.java:654)
	at com.intellij.ide.IdeEventQueue.dispatchEvent(IdeEventQueue.java:381)
	at java.awt.EventDispatchThread.pumpOneEventForFilters(EventDispatchThread.java:201)
	at java.awt.EventDispatchThread.pumpEventsForFilter(EventDispatchThread.java:116)
	at java.awt.EventDispatchThread.pumpEventsForHierarchy(EventDispatchThread.java:105)
	at java.awt.EventDispatchThread.pumpEvents(EventDispatchThread.java:101)
	at java.awt.EventDispatchThread.pumpEvents(EventDispatchThread.java:93)
	at java.awt.EventDispatchThread.run(EventDispatchThread.java:82)
[118051759]  ERROR - llij.ide.plugins.PluginManager - PhpStorm 10.0.2  Build #PS-143.1184.87 
[118051759]  ERROR - llij.ide.plugins.PluginManager - JDK: 1.8.0_77 
[118051759]  ERROR - llij.ide.plugins.PluginManager - VM: Java HotSpot(TM) 64-Bit Server VM 
[118051759]  ERROR - llij.ide.plugins.PluginManager - Vendor: Oracle Corporation 
[118051759]  ERROR - llij.ide.plugins.PluginManager - OS: Linux 
[118051759]  ERROR - llij.ide.plugins.PluginManager - Last Action: SaveAll 
[118056951]  ERROR - llij.ide.plugins.PluginManager - sun.awt.image.BufImgSurfaceData cannot be cast to sun.java2d.xr.XRSurfaceData 
java.lang.ClassCastException: sun.awt.image.BufImgSurfaceData cannot be cast to sun.java2d.xr.XRSurfaceData
	at sun.java2d.xr.XRPMBlitLoops.cacheToTmpSurface(XRPMBlitLoops.java:145)
	at sun.java2d.xr.XrSwToPMBlit.Blit(XRPMBlitLoops.java:353)
	at sun.java2d.SurfaceDataProxy.updateSurfaceData(SurfaceDataProxy.java:498)
	at sun.java2d.SurfaceDataProxy.replaceData(SurfaceDataProxy.java:455)
	at sun.java2d.SurfaceData.getSourceSurfaceData(SurfaceData.java:233)
	at sun.java2d.pipe.DrawImage.renderImageCopy(DrawImage.java:566)
	at sun.java2d.pipe.DrawImage.copyImage(DrawImage.java:86)
	at sun.java2d.pipe.DrawImage.copyImage(DrawImage.java:1030)
	at sun.java2d.SunGraphics2D.copyImage(SunGraphics2D.java:3229)
	at sun.java2d.SunGraphics2D.drawImage(SunGraphics2D.java:3270)
	at sun.java2d.SunGraphics2D.drawImage(SunGraphics2D.java:3214)
	at com.intellij.ui.tabs.impl.JBTabsImpl.paintNonSelected(JBTabsImpl.java:2080)
	at com.intellij.ui.tabs.impl.JBTabsImpl.paintNonSelectedTabs(JBTabsImpl.java:2042)
	at com.intellij.ui.tabs.impl.JBTabsImpl.paintComponent(JBTabsImpl.java:1721)
	at javax.swing.JComponent.paint(JComponent.java:1056)
	at com.intellij.ui.tabs.impl.JBTabsImpl.paint(JBTabsImpl.java:2340)
	at javax.swing.JComponent.paintChildren(JComponent.java:889)
	at javax.swing.JComponent.paint(JComponent.java:1065)
	at javax.swing.JComponent.paintChildren(JComponent.java:889)
	at javax.swing.JComponent.paint(JComponent.java:1065)
	at javax.swing.JComponent.paintChildren(JComponent.java:889)
	at javax.swing.JComponent.paint(JComponent.java:1065)
	at javax.swing.JComponent.paintChildren(JComponent.java:889)
	at javax.swing.JComponent.paint(JComponent.java:1065)
	at javax.swing.JComponent.paintChildren(JComponent.java:889)
	at javax.swing.JComponent.paint(JComponent.java:1065)
	at javax.swing.JComponent.paintChildren(JComponent.java:889)
	at javax.swing.JComponent.paint(JComponent.java:1065)
	at javax.swing.JLayeredPane.paint(JLayeredPane.java:586)
	at javax.swing.JComponent.paintChildren(JComponent.java:889)
	at com.intellij.openapi.wm.impl.ToolWindowsPane.paintChildren(ToolWindowsPane.java:192)
	at javax.swing.JComponent.paint(JComponent.java:1065)
	at javax.swing.JLayeredPane.paint(JLayeredPane.java:586)
	at javax.swing.JComponent.paintChildren(JComponent.java:889)
	at javax.swing.JComponent.paint(JComponent.java:1065)
	at javax.swing.JComponent.paintChildren(JComponent.java:889)
	at javax.swing.JComponent.paint(JComponent.java:1065)
	at javax.swing.JLayeredPane.paint(JLayeredPane.java:586)
	at javax.swing.JComponent.paintChildren(JComponent.java:889)
	at javax.swing.JComponent.paintToOffscreen(JComponent.java:5217)
	at javax.swing.RepaintManager$PaintManager.paintDoubleBuffered(RepaintManager.java:1579)
	at javax.swing.RepaintManager$PaintManager.paint(RepaintManager.java:1502)
	at javax.swing.RepaintManager.paint(RepaintManager.java:1272)
	at javax.swing.JComponent.paint(JComponent.java:1042)
	at java.awt.GraphicsCallback$PaintCallback.run(GraphicsCallback.java:39)
	at sun.awt.SunGraphicsCallback.runOneComponent(SunGraphicsCallback.java:79)
	at sun.awt.SunGraphicsCallback.runComponents(SunGraphicsCallback.java:116)
	at java.awt.Container.paint(Container.java:1975)
	at java.awt.Window.paint(Window.java:3912)
	at com.intellij.openapi.wm.impl.IdeFrameImpl.paint(IdeFrameImpl.java:533)
	at javax.swing.RepaintManager$4.run(RepaintManager.java:842)
	at javax.swing.RepaintManager$4.run(RepaintManager.java:814)
	at java.security.AccessController.doPrivileged(Native Method)
	at java.security.ProtectionDomain$JavaSecurityAccessImpl.doIntersectionPrivilege(ProtectionDomain.java:76)
	at javax.swing.RepaintManager.paintDirtyRegions(RepaintManager.java:814)
	at javax.swing.RepaintManager.paintDirtyRegions(RepaintManager.java:789)
	at javax.swing.RepaintManager.prePaintDirtyRegions(RepaintManager.java:738)
	at javax.swing.RepaintManager.access$1200(RepaintManager.java:64)
	at javax.swing.RepaintManager$ProcessingRunnable.run(RepaintManager.java:1732)
	at java.awt.event.InvocationEvent.dispatch(InvocationEvent.java:311)
	at java.awt.EventQueue.dispatchEventImpl(EventQueue.java:756)
	at java.awt.EventQueue.access$500(EventQueue.java:97)
	at java.awt.EventQueue$3.run(EventQueue.java:709)
	at java.awt.EventQueue$3.run(EventQueue.java:703)
	at java.security.AccessController.doPrivileged(Native Method)
	at java.security.ProtectionDomain$JavaSecurityAccessImpl.doIntersectionPrivilege(ProtectionDomain.java:76)
	at java.awt.EventQueue.dispatchEvent(EventQueue.java:726)
	at com.intellij.ide.IdeEventQueue.b(IdeEventQueue.java:866)
	at com.intellij.ide.IdeEventQueue._dispatchEvent(IdeEventQueue.java:654)
	at com.intellij.ide.IdeEventQueue.dispatchEvent(IdeEventQueue.java:381)
	at java.awt.EventDispatchThread.pumpOneEventForFilters(EventDispatchThread.java:201)
	at java.awt.EventDispatchThread.pumpEventsForFilter(EventDispatchThread.java:116)
	at java.awt.EventDispatchThread.pumpEventsForHierarchy(EventDispatchThread.java:105)
	at java.awt.EventDispatchThread.pumpEvents(EventDispatchThread.java:101)
	at java.awt.EventDispatchThread.pumpEvents(EventDispatchThread.java:93)
	at java.awt.EventDispatchThread.run(EventDispatchThread.java:82)
[118056955]  ERROR - llij.ide.plugins.PluginManager - PhpStorm 10.0.2  Build #PS-143.1184.87 
[118056955]  ERROR - llij.ide.plugins.PluginManager - JDK: 1.8.0_77 
[118056955]  ERROR - llij.ide.plugins.PluginManager - VM: Java HotSpot(TM) 64-Bit Server VM 
[118056955]  ERROR - llij.ide.plugins.PluginManager - Vendor: Oracle Corporation 
[118056955]  ERROR - llij.ide.plugins.PluginManager - OS: Linux 
[118056955]  ERROR - llij.ide.plugins.PluginManager - Last Action: SaveAll 
[118056959]  ERROR - llij.ide.plugins.PluginManager - sun.awt.image.BufImgSurfaceData cannot be cast to sun.java2d.xr.XRSurfaceData 
java.lang.ClassCastException: sun.awt.image.BufImgSurfaceData cannot be cast to sun.java2d.xr.XRSurfaceData
	at sun.java2d.xr.XRPMBlitLoops.cacheToTmpSurface(XRPMBlitLoops.java:145)
	at sun.java2d.xr.XrSwToPMBlit.Blit(XRPMBlitLoops.java:353)
	at sun.java2d.SurfaceDataProxy.updateSurfaceData(SurfaceDataProxy.java:498)
	at sun.java2d.SurfaceDataProxy.replaceData(SurfaceDataProxy.java:455)
	at sun.java2d.SurfaceData.getSourceSurfaceData(SurfaceData.java:233)
	at sun.java2d.pipe.DrawImage.renderImageCopy(DrawImage.java:566)
	at sun.java2d.pipe.DrawImage.copyImage(DrawImage.java:86)
	at sun.java2d.pipe.DrawImage.copyImage(DrawImage.java:1030)
	at sun.java2d.SunGraphics2D.copyImage(SunGraphics2D.java:3229)
	at sun.java2d.SunGraphics2D.drawImage(SunGraphics2D.java:3270)
	at sun.java2d.SunGraphics2D.drawImage(SunGraphics2D.java:3214)
	at com.intellij.ui.tabs.impl.JBTabsImpl.paintNonSelected(JBTabsImpl.java:2080)
	at com.intellij.ui.tabs.impl.JBTabsImpl.paintNonSelectedTabs(JBTabsImpl.java:2042)
	at com.intellij.ui.tabs.impl.JBTabsImpl.paintComponent(JBTabsImpl.java:1721)
	at javax.swing.JComponent.paint(JComponent.java:1056)
	at com.intellij.ui.tabs.impl.JBTabsImpl.paint(JBTabsImpl.java:2340)
	at javax.swing.JComponent.paintChildren(JComponent.java:889)
	at javax.swing.JComponent.paint(JComponent.java:1065)
	at javax.swing.JComponent.paintChildren(JComponent.java:889)
	at javax.swing.JComponent.paint(JComponent.java:1065)
	at javax.swing.JComponent.paintChildren(JComponent.java:889)
	at javax.swing.JComponent.paint(JComponent.java:1065)
	at javax.swing.JComponent.paintChildren(JComponent.java:889)
	at javax.swing.JComponent.paint(JComponent.java:1065)
	at javax.swing.JComponent.paintChildren(JComponent.java:889)
	at javax.swing.JComponent.paint(JComponent.java:1065)
	at javax.swing.JComponent.paintChildren(JComponent.java:889)
	at javax.swing.JComponent.paint(JComponent.java:1065)
	at javax.swing.JLayeredPane.paint(JLayeredPane.java:586)
	at javax.swing.JComponent.paintChildren(JComponent.java:889)
	at com.intellij.openapi.wm.impl.ToolWindowsPane.paintChildren(ToolWindowsPane.java:192)
	at javax.swing.JComponent.paint(JComponent.java:1065)
	at javax.swing.JLayeredPane.paint(JLayeredPane.java:586)
	at javax.swing.JComponent.paintChildren(JComponent.java:889)
	at javax.swing.JComponent.paint(JComponent.java:1065)
	at javax.swing.JComponent.paintChildren(JComponent.java:889)
	at javax.swing.JComponent.paint(JComponent.java:1065)
	at javax.swing.JLayeredPane.paint(JLayeredPane.java:586)
	at javax.swing.JComponent.paintChildren(JComponent.java:889)
	at javax.swing.JComponent.paintToOffscreen(JComponent.java:5217)
	at javax.swing.RepaintManager$PaintManager.paintDoubleBuffered(RepaintManager.java:1579)
	at javax.swing.RepaintManager$PaintManager.paint(RepaintManager.java:1502)
	at javax.swing.RepaintManager.paint(RepaintManager.java:1272)
	at javax.swing.JComponent.paint(JComponent.java:1042)
	at java.awt.GraphicsCallback$PaintCallback.run(GraphicsCallback.java:39)
	at sun.awt.SunGraphicsCallback.runOneComponent(SunGraphicsCallback.java:79)
	at sun.awt.SunGraphicsCallback.runComponents(SunGraphicsCallback.java:116)
	at java.awt.Container.paint(Container.java:1975)
	at java.awt.Window.paint(Window.java:3912)
	at com.intellij.openapi.wm.impl.IdeFrameImpl.paint(IdeFrameImpl.java:533)
	at javax.swing.RepaintManager$4.run(RepaintManager.java:842)
	at javax.swing.RepaintManager$4.run(RepaintManager.java:814)
	at java.security.AccessController.doPrivileged(Native Method)
	at java.security.ProtectionDomain$JavaSecurityAccessImpl.doIntersectionPrivilege(ProtectionDomain.java:76)
	at javax.swing.RepaintManager.paintDirtyRegions(RepaintManager.java:814)
	at javax.swing.RepaintManager.paintDirtyRegions(RepaintManager.java:789)
	at javax.swing.RepaintManager.prePaintDirtyRegions(RepaintManager.java:738)
	at javax.swing.RepaintManager.access$1200(RepaintManager.java:64)
	at javax.swing.RepaintManager$ProcessingRunnable.run(RepaintManager.java:1732)
	at java.awt.event.InvocationEvent.dispatch(InvocationEvent.java:311)
	at java.awt.EventQueue.dispatchEventImpl(EventQueue.java:756)
	at java.awt.EventQueue.access$500(EventQueue.java:97)
	at java.awt.EventQueue$3.run(EventQueue.java:709)
	at java.awt.EventQueue$3.run(EventQueue.java:703)
	at java.security.AccessController.doPrivileged(Native Method)
	at java.security.ProtectionDomain$JavaSecurityAccessImpl.doIntersectionPrivilege(ProtectionDomain.java:76)
	at java.awt.EventQueue.dispatchEvent(EventQueue.java:726)
	at com.intellij.ide.IdeEventQueue.b(IdeEventQueue.java:866)
	at com.intellij.ide.IdeEventQueue._dispatchEvent(IdeEventQueue.java:654)
	at com.intellij.ide.IdeEventQueue.dispatchEvent(IdeEventQueue.java:381)
	at java.awt.EventDispatchThread.pumpOneEventForFilters(EventDispatchThread.java:201)
	at java.awt.EventDispatchThread.pumpEventsForFilter(EventDispatchThread.java:116)
	at java.awt.EventDispatchThread.pumpEventsForHierarchy(EventDispatchThread.java:105)
	at java.awt.EventDispatchThread.pumpEvents(EventDispatchThread.java:101)
	at java.awt.EventDispatchThread.pumpEvents(EventDispatchThread.java:93)
	at java.awt.EventDispatchThread.run(EventDispatchThread.java:82)
[118056960]  ERROR - llij.ide.plugins.PluginManager - PhpStorm 10.0.2  Build #PS-143.1184.87 
[118056960]  ERROR - llij.ide.plugins.PluginManager - JDK: 1.8.0_77 
[118056960]  ERROR - llij.ide.plugins.PluginManager - VM: Java HotSpot(TM) 64-Bit Server VM 
[118056960]  ERROR - llij.ide.plugins.PluginManager - Vendor: Oracle Corporation 
[118056960]  ERROR - llij.ide.plugins.PluginManager - OS: Linux 
[118056960]  ERROR - llij.ide.plugins.PluginManager - Last Action: SaveAll 
